Tutoring ID|Resource Type|Subject|Department|Building|Location|Weekday|Start Time|End Time|Notes
1|STEM Tutoring|BIO 11|STEM Center|SSB 340|Student Services Building||||Not offered this semester
2|STEM Tutoring|BIO 3|STEM Center|SSB 340|Student Services Building||||Not offered this semester
3|STEM Tutoring|BIO 5|STEM Center|SSB 340|Student Services Building||||Not offered this semester
4|STEM Tutoring|BIO 101|STEM Center|SSB 340|Student Services Building||||Not offered this semester
5|STEM Tutoring|BIO 110|STEM Center|SSB 340|Student Services Building||||Not offered this semester
6|STEM Tutoring|BIO 141|STEM Center|SSB 340|Student Services Building||||Not offered this semester
7|STEM Tutoring|BIO 150|STEM Center|SSB 340|Student Services Building||||Not offered this semester
8|STEM Tutoring|BIO 161|STEM Center|SSB 340|Student Services Building||||Not offered this semester
9|STEM Tutoring|CHEM 1|STEM Center|SSB 330|Student Services Building|Monday|10:00 AM|4:00 PM|
10|STEM Tutoring|CHEM 1|STEM Center|SSB 330|Student Services Building|Tuesday, Wednesday, Thursday|10:00 AM|5:00 PM|
11|STEM Tutoring|CHEM 2|STEM Center|SSB 330|Student Services Building|Monday|10:00 AM|4:00 PM|
12|STEM Tutoring|CHEM 2|STEM Center|SSB 330|Student Services Building|Tuesday, Wednesday, Thursday|10:00 AM|5:00 PM|
13|STEM Tutoring|CHEM 8|STEM Center|SSB 330|Student Services Building|Monday|10:00 AM|4:00 PM|
14|STEM Tutoring|CHEM 8|STEM Center|SSB 330|Student Services Building|Tuesday, Wednesday, Thursday|10:00 AM|5:00 PM|
15|STEM Tutoring|CHEM 10|STEM Center|SSB 330|Student Services Building|Monday|10:00 AM|4:00 PM|
16|STEM Tutoring|CHEM 10|STEM Center|SSB 330|Student Services Building|Tuesday, Wednesday, Thursday|10:00 AM|5:00 PM|
17|STEM Tutoring|CHEM 100|STEM Center|SSB 330|Student Services Building|Monday|10:00 AM|4:00 PM|
18|STEM Tutoring|CHEM 100|STEM Center|SSB 330|Student Services Building|Tuesday, Wednesday, Thursday|10:00 AM|5:00 PM|
19|STEM Tutoring|CSE 5|STEM Center|SSB 340|Student Services Building|Monday, Wednesday|10:00 AM|5:00 PM|
20|STEM Tutoring|CSE 5|STEM Center|SSB 340|Student Services Building|Tuesday|10:00 AM|1:00 PM|
21|STEM Tutoring|CSE 5|STEM Center|SSB 340|Student Services Building|Tuesday|3:00 PM|6:00 PM|
22|STEM Tutoring|CSE 5|STEM Center|SSB 340|Student Services Building|Thursday|10:00 AM|1:00 PM|
23|STEM Tutoring|CSE 5|STEM Center|SSB 340|Student Services Building|Thursday|3:00 PM|6:00 PM|
24|STEM Tutoring|CSE 19|STEM Center|SSB 340|Student Services Building|Monday, Wednesday|10:00 AM|5:00 PM|
25|STEM Tutoring|CSE 19|STEM Center|SSB 340|Student Services Building|Tuesday|10:00 AM|1:00 PM|
26|STEM Tutoring|CSE 19|STEM Center|SSB 340|Student Services Building|Tuesday|3:00 PM|6:00 PM|
27|STEM Tutoring|CSE 19|STEM Center|SSB 340|Student Services Building|Thursday|10:00 AM|1:00 PM|
28|STEM Tutoring|CSE 19|STEM Center|SSB 340|Student Services Building|Thursday|3:00 PM|6:00 PM|
29|STEM Tutoring|CSE 22|STEM Center|SSB 340|Student Services Building|Monday, Wednesday|10:00 AM|5:00 PM|
30|STEM Tutoring|CSE 22|STEM Center|SSB 340|Student Services Building|Tuesday|10:00 AM|1:00 PM|
31|STEM Tutoring|CSE 22|STEM Center|SSB 340|Student Services Building|Tuesday|3:00 PM|6:00 PM|
32|STEM Tutoring|CSE 22|STEM Center|SSB 340|Student Services Building|Thursday|10:00 AM|1:00 PM|
33|STEM Tutoring|CSE 22|STEM Center|SSB 340|Student Services Building|Thursday|3:00 PM|6:00 PM|
34|STEM Tutoring|CSE 24|STEM Center|SSB 340|Student Services Building|Monday, Wednesday|10:00 AM|5:00 PM|
35|STEM Tutoring|CSE 24|STEM Center|SSB 340|Student Services Building|Tuesday|10:00 AM|1:00 PM|
36|STEM Tutoring|CSE 24|STEM Center|SSB 340|Student Services Building|Tuesday|3:00 PM|6:00 PM|
37|STEM Tutoring|CSE 24|STEM Center|SSB 340|Student Services Building|Thursday|10:00 AM|1:00 PM|
38|STEM Tutoring|CSE 24|STEM Center|SSB 340|Student Services Building|Thursday|3:00 PM|6:00 PM|
39|STEM Tutoring|MATH 5|STEM Center|SSB 320|Student Services Building|Monday, Tuesday, Wednesday, Thursday|10:00 AM|6:00 PM|
40|STEM Tutoring|MATH 5|STEM Center|SSB 320|Student Services Building|Friday|10:00 AM|3:00 PM|
41|STEM Tutoring|MATH 11|STEM Center|SSB 320|Student Services Building|Monday, Tuesday, Wednesday, Thursday|10:00 AM|6:00 PM|
42|STEM Tutoring|MATH 11|STEM Center|SSB 320|Student Services Building|Friday|10:00 AM|3:00 PM|
43|STEM Tutoring|MATH 12|STEM Center|SSB 320|Student Services Building|Monday, Tuesday, Wednesday, Thursday|10:00 AM|6:00 PM|
44|STEM Tutoring|MATH 12|STEM Center|SSB 320|Student Services Building|Friday|10:00 AM|3:00 PM|
45|STEM Tutoring|MATH 21|STEM Center|SSB 320|Student Services Building|Monday, Tuesday, Wednesday, Thursday|10:00 AM|6:00 PM|
46|STEM Tutoring|MATH 21|STEM Center|SSB 320|Student Services Building|Friday|10:00 AM|3:00 PM|
47|STEM Tutoring|MATH 22|STEM Center|SSB 320|Student Services Building|Monday, Tuesday, Wednesday, Thursday|10:00 AM|6:00 PM|
48|STEM Tutoring|MATH 22|STEM Center|SSB 320|Student Services Building|Friday|10:00 AM|3:00 PM|
49|STEM Tutoring|MATH 23|STEM Center|SSB 320|Student Services Building|Monday, Tuesday, Wednesday, Thursday|10:00 AM|6:00 PM|
50|STEM Tutoring|MATH 23|STEM Center|SSB 320|Student Services Building|Friday|10:00 AM|3:00 PM|
51|STEM Tutoring|MATH 24|STEM Center|SSB 320|Student Services Building|Monday, Tuesday, Wednesday, Thursday|10:00 AM|6:00 PM|
52|STEM Tutoring|MATH 24|STEM Center|SSB 320|Student Services Building|Friday|10:00 AM|3:00 PM|
53|STEM Tutoring|MATH 32|STEM Center|SSB 320|Student Services Building|Monday, Tuesday, Wednesday, Thursday|10:00 AM|6:00 PM|
54|STEM Tutoring|MATH 32|STEM Center|SSB 320|Student Services Building|Friday|10:00 AM|3:00 PM|
55|STEM Tutoring|PHYS 8|STEM Center|SSB 340|Student Services Building|Monday, Thursday|11:00 AM|5:00 PM|
56|STEM Tutoring|PHYS 8|STEM Center|SSB 340|Student Services Building|Tuesday|10:00 AM|5:00 PM|
57|STEM Tutoring|PHYS 8|STEM Center|SSB 340|Student Services Building|Wednesday|10:30 AM|3:00 PM|
58|STEM Tutoring|PHYS 9|STEM Center|SSB 340|Student Services Building|Monday, Thursday|11:00 AM|5:00 PM|
59|STEM Tutoring|PHYS 9|STEM Center|SSB 340|Student Services Building|Tuesday|10:00 AM|5:00 PM|
60|STEM Tutoring|PHYS 9|STEM Center|SSB 340|Student Services Building|Wednesday|10:30 AM|3:00 PM|
61|STEM Tutoring|PHYS 18|STEM Center|SSB 340|Student Services Building|Monday, Thursday|11:00 AM|5:00 PM|
62|STEM Tutoring|PHYS 18|STEM Center|SSB 340|Student Services Building|Tuesday|10:00 AM|5:00 PM|
63|STEM Tutoring|PHYS 18|STEM Center|SSB 340|Student Services Building|Wednesday|10:30 AM|3:00 PM|
64|STEM Tutoring|PHYS 19|STEM Center|SSB 340|Student Services Building|Monday, Thursday|11:00 AM|5:00 PM|
65|STEM Tutoring|PHYS 19|STEM Center|SSB 340|Student Services Building|Tuesday|10:00 AM|5:00 PM|
66|STEM Tutoring|PHYS 19|STEM Center|SSB 340|Student Services Building|Wednesday|10:30 AM|3:00 PM|
67|STEM Tutoring|ENGR 57|STEM Center|SSB 340|Student Services Building|Monday|10:00 AM|11:00 AM|
68|STEM Tutoring|ENGR 57|STEM Center|SSB 340|Student Services Building|Monday|1:00 PM|4:00 PM|
69|STEM Tutoring|ENGR 57|STEM Center|SSB 340|Student Services Building|Tuesday, Thursday|10:00 AM|5:00 PM|
70|Writing Consultation|WRI|University Writing Center|KL 296|Kolligian Library|Monday, Tuesday, Wednesday, Thursday|9:00 AM|6:00 PM|
71|Writing Consultation|WRI|University Writing Center|KL 296|Kolligian Library|Friday|9:00 AM|3:00 PM|
72|Writing Consultation|WRI|University Writing Center|KL 296|Kolligian Library|Sunday|4:00 PM|7:00 PM|
